<?xml version="1.0" encoding="UTF-8"?>
<!-- Generated by org.testng.reporters.JUnitXMLReporter -->
<testsuite hostname="superadmins-MacBook-Pro-41.local" ignored="0" name="Default test" tests="2" failures="0" timestamp="2020-05-17T22:36:08 IST" time="13.623" errors="0">
  <testcase name="CheckResponseTime" time="0.009" classname="com.projectname.testcases.TC005_Delete_Request"/>
  <testcase name="CheckstatusCode" time="0.001" classname="com.projectname.testcases.TC005_Delete_Request"/>
</testsuite> <!-- Default test -->
