<?xml version="1.0" encoding="UTF-8"?>
<!-- Generated by org.testng.reporters.JUnitXMLReporter -->
<testsuite hostname="superadmins-MacBook-Pro-41.local" ignored="0" name="restassuredtest" tests="18" failures="0" timestamp="2020-05-18T15:50:22 IST" time="22.619" errors="0">
  <testcase name="CheckResponseTime" time="0.009" classname="com.projectname.testcases.TC001_GETUSER_LIST"/>
  <testcase name="CheckstatusCode" time="0.001" classname="com.projectname.testcases.TC001_GETUSER_LIST"/>
  <testcase name="ContentType" time="0.001" classname="com.projectname.testcases.TC001_GETUSER_LIST"/>
  <testcase name="checkResponseBody" time="0.017" classname="com.projectname.testcases.TC001_GETUSER_LIST"/>
  <testcase name="CheckResponseTime" time="0.002" classname="com.projectname.testcases.TC002_GetSingleUser"/>
  <testcase name="CheckstatusCode" time="0.003" classname="com.projectname.testcases.TC002_GetSingleUser"/>
  <testcase name="ContentType" time="0.001" classname="com.projectname.testcases.TC002_GetSingleUser"/>
  <testcase name="checkbody" time="0.001" classname="com.projectname.testcases.TC002_GetSingleUser"/>
  <testcase name="CheckResponseTime" time="0.002" classname="com.projectname.testcases.TC003_POST_NewUser"/>
  <testcase name="CheckstatusCode" time="0.001" classname="com.projectname.testcases.TC003_POST_NewUser"/>
  <testcase name="ContentType" time="0.001" classname="com.projectname.testcases.TC003_POST_NewUser"/>
  <testcase name="checkResponseBody" time="0.0" classname="com.projectname.testcases.TC003_POST_NewUser"/>
  <testcase name="CheckResponseTime" time="0.003" classname="com.projectname.testcases.TC004_PUTRequest"/>
  <testcase name="CheckstatusCode" time="0.003" classname="com.projectname.testcases.TC004_PUTRequest"/>
  <testcase name="ContentType" time="0.001" classname="com.projectname.testcases.TC004_PUTRequest"/>
  <testcase name="checkResponseBody" time="0.0" classname="com.projectname.testcases.TC004_PUTRequest"/>
  <testcase name="CheckResponseTime" time="0.002" classname="com.projectname.testcases.TC005_Delete_Request"/>
  <testcase name="CheckstatusCode" time="0.001" classname="com.projectname.testcases.TC005_Delete_Request"/>
</testsuite> <!-- restassuredtest -->
